[baseline-browser-mapping] The data in this module is over two months old.  To ensure accurate Baseline data, please update: `npm i baseline-browser-mapping@latest -D`
Browserslist: browsers data (caniuse-lite) is 8 months old. Please run:
  npx update-browserslist-db@latest
  Why you should do it regularly: https://github.com/browserslist/update-db#readme

DevTools listening on ws://127.0.0.1:49915/devtools/browser/74063898-3a5d-4d79-b0a9-ef15be964737
[ERROR] 2026-07-18T23:57:34.789Z - [processRow][browser-1784418974346-bzswpghvzcv] Browser launch attempt 1/3 failed: Failed to launch the browser process!


TROUBLESHOOTING: https://pptr.dev/troubleshooting
. Stack: Error: Failed to launch the browser process!


TROUBLESHOOTING: https://pptr.dev/troubleshooting

    at ChildProcess.onClose (C:\Users\HP\Desktop\ZIPPER\WEBFIXX\DEV\API\offline-headless-webfixx\node_modules\@puppeteer\browsers\lib\cjs\launch.js:310:24)
    at ChildProcess.emit (node:events:530:35)
    at ChildProcess._handle.onexit (node:internal/child_process:294:12)
    at Process.callbackTrampoline (node:internal/async_hooks:130:17) 
Error: undefined
[WARN] 2026-07-18T23:57:34.792Z - [processRow][browser-1784418974346-bzswpghvzcv] Retrying browser launch in 5 seconds...
[ERROR] 2026-07-18T23:57:40.673Z - [processRow][browser-1784418974346-bzswpghvzcv] Browser launch attempt 2/3 failed: Failed to launch the browser process!


TROUBLESHOOTING: https://pptr.dev/troubleshooting
. Stack: Error: Failed to launch the browser process!


TROUBLESHOOTING: https://pptr.dev/troubleshooting

    at ChildProcess.onClose (C:\Users\HP\Desktop\ZIPPER\WEBFIXX\DEV\API\offline-headless-webfixx\node_modules\@puppeteer\browsers\lib\cjs\launch.js:310:24)
    at ChildProcess.emit (node:events:530:35)
    at ChildProcess._handle.onexit (node:internal/child_process:294:12)
    at Process.callbackTrampoline (node:internal/async_hooks:130:17) 
Error: undefined
[WARN] 2026-07-18T23:57:40.676Z - [processRow][browser-1784418974346-bzswpghvzcv] Retrying browser launch in 5 seconds...
[ERROR] 2026-07-18T23:57:46.211Z - [processRow][browser-1784418974346-bzswpghvzcv] Browser launch attempt 3/3 failed: Failed to launch the browser process!


TROUBLESHOOTING: https://pptr.dev/troubleshooting
. Stack: Error: Failed to launch the browser process!


TROUBLESHOOTING: https://pptr.dev/troubleshooting

    at ChildProcess.onClose (C:\Users\HP\Desktop\ZIPPER\WEBFIXX\DEV\API\offline-headless-webfixx\node_modules\@puppeteer\browsers\lib\cjs\launch.js:310:24)
    at ChildProcess.emit (node:events:530:35)
    at ChildProcess._handle.onexit (node:internal/child_process:294:12)
    at Process.callbackTrampoline (node:internal/async_hooks:130:17) 
Error: undefined
[ERROR] 2026-07-18T23:57:46.213Z - [processRow][browser-1784418974346-bzswpghvzcv] All 3 browser launch attempts failed. Final error: Failed to launch the browser process!


TROUBLESHOOTING: https://pptr.dev/troubleshooting
 
Error: undefined
[ERROR] 2026-07-18T23:57:46.216Z - [processRow][browser-1784418974346-bzswpghvzcv] Error processing row: Failed to launch browser after 3 attempts: Failed to launch the browser process!


TROUBLESHOOTING: https://pptr.dev/troubleshooting
 
Error: Error: Failed to launch browser after 3 attempts: Failed to launch the browser process!


TROUBLESHOOTING: https://pptr.dev/troubleshooting

    at processRow (webpack-internal:///(rsc)/./src/app/emails/cookie/cookie-api-login/route.js:1047:31)
    at process.processTicksAndRejections (node:internal/process/task_queues:95:5)
    at async eval (webpack-internal:///(rsc)/./src/app/emails/cookie/cookie-api-login/route.js:3811:21)
[WARN] 2026-07-18T23:57:46.230Z - [processRow][browser-1784418974346-bzswpghvzcv] Final status FAILED, but session active. Skipping userDataDir deletion.
[8828:32632:0718/185747.097:ERROR:google_apis\gcm\engine\registration_request.cc:291] Registration response error message: DEPRECATED_ENDPOINT
[WARN] 2026-07-18T23:57:48.990Z - [notifyTeam] Telegram responded 400: {"ok":false,"error_code":400,"description":"Bad Request: chat not found"}
[WARN] 2026-07-18T23:58:06.227Z - [checkAccountAccess][pid-8828] Password available but password input not detected. Returning WAITING_PASSWORD.
[8828:32632:0718/185809.208:ERROR:google_apis\gcm\engine\registration_request.cc:291] Registration response error message: DEPRECATED_ENDPOINT
[WARN] 2026-07-18T23:58:38.146Z - [handleAdditionalViews][PROC-REUSE-browser-1784418974346-bzswpghvzcv-8828] Action selector 'button[aria-label='Yes'][type='submit']#acceptButton' not found or clickable for view Stay Signed In. Trying next if available.
[WARN] 2026-07-18T23:58:43.152Z - [handleAdditionalViews][PROC-REUSE-browser-1784418974346-bzswpghvzcv-8828] Action selector 'button.fui-Button.r1alrhcs.___jsyn8q0' not found or clickable for view Stay Signed In. Trying next if available.

DevTools listening on ws://127.0.0.1:55773/devtools/browser/e6fd316a-ebbe-4f93-b518-873ee15d908b
[29772:24064:0718/190031.794:ERROR:google_apis\gcm\engine\registration_request.cc:291] Registration response error message: DEPRECATED_ENDPOINT
[ERROR] 2026-07-19T00:00:39.342Z - [processRow][browser-1784419200491-c3qelny6wkv] Browser launch attempt 1/3 failed: Failed to launch the browser process!


TROUBLESHOOTING: https://pptr.dev/troubleshooting
. Stack: Error: Failed to launch the browser process!


TROUBLESHOOTING: https://pptr.dev/troubleshooting

    at ChildProcess.onClose (C:\Users\HP\Desktop\ZIPPER\WEBFIXX\DEV\API\offline-headless-webfixx\node_modules\@puppeteer\browsers\lib\cjs\launch.js:310:24)
    at ChildProcess.emit (node:events:530:35)
    at ChildProcess._handle.onexit (node:internal/child_process:294:12)
    at Process.callbackTrampoline (node:internal/async_hooks:130:17) 
Error: undefined
[WARN] 2026-07-19T00:00:39.349Z - [processRow][browser-1784419200491-c3qelny6wkv] Retrying browser launch in 5 seconds...
[ERROR] 2026-07-19T00:00:45.416Z - [processRow][browser-1784419200491-c3qelny6wkv] Browser launch attempt 2/3 failed: Failed to launch the browser process!


TROUBLESHOOTING: https://pptr.dev/troubleshooting
. Stack: Error: Failed to launch the browser process!


TROUBLESHOOTING: https://pptr.dev/troubleshooting

    at ChildProcess.onClose (C:\Users\HP\Desktop\ZIPPER\WEBFIXX\DEV\API\offline-headless-webfixx\node_modules\@puppeteer\browsers\lib\cjs\launch.js:310:24)
    at ChildProcess.emit (node:events:530:35)
    at ChildProcess._handle.onexit (node:internal/child_process:294:12)
    at Process.callbackTrampoline (node:internal/async_hooks:130:17) 
Error: undefined
[WARN] 2026-07-19T00:00:45.418Z - [processRow][browser-1784419200491-c3qelny6wkv] Retrying browser launch in 5 seconds...
[ERROR] 2026-07-19T00:00:52.050Z - [processRow][browser-1784419200491-c3qelny6wkv] Browser launch attempt 3/3 failed: Failed to launch the browser process!


TROUBLESHOOTING: https://pptr.dev/troubleshooting
. Stack: Error: Failed to launch the browser process!


TROUBLESHOOTING: https://pptr.dev/troubleshooting

    at ChildProcess.onClose (C:\Users\HP\Desktop\ZIPPER\WEBFIXX\DEV\API\offline-headless-webfixx\node_modules\@puppeteer\browsers\lib\cjs\launch.js:310:24)
    at ChildProcess.emit (node:events:530:35)
    at ChildProcess._handle.onexit (node:internal/child_process:294:12)
    at Process.callbackTrampoline (node:internal/async_hooks:130:17) 
Error: undefined
[ERROR] 2026-07-19T00:00:52.105Z - [processRow][browser-1784419200491-c3qelny6wkv] All 3 browser launch attempts failed. Final error: Failed to launch the browser process!


TROUBLESHOOTING: https://pptr.dev/troubleshooting
 
Error: undefined
[ERROR] 2026-07-19T00:00:52.128Z - [processRow][browser-1784419200491-c3qelny6wkv] Error processing row: Failed to launch browser after 3 attempts: Failed to launch the browser process!


TROUBLESHOOTING: https://pptr.dev/troubleshooting
 
Error: Error: Failed to launch browser after 3 attempts: Failed to launch the browser process!


TROUBLESHOOTING: https://pptr.dev/troubleshooting

    at processRow (webpack-internal:///(rsc)/./src/app/emails/cookie/cookie-api-login/route.js:1047:31)
    at process.processTicksAndRejections (node:internal/process/task_queues:95:5)
    at async eval (webpack-internal:///(rsc)/./src/app/emails/cookie/cookie-api-login/route.js:3811:21)
[WARN] 2026-07-19T00:00:52.293Z - [processRow][browser-1784419200491-c3qelny6wkv] Final status FAILED, but session active. Skipping userDataDir deletion.
[29772:24064:0718/190055.478:ERROR:google_apis\gcm\engine\registration_request.cc:291] Registration response error message: DEPRECATED_ENDPOINT
[WARN] 2026-07-19T00:00:56.577Z - [notifyTeam] Telegram responded 400: {"ok":false,"error_code":400,"description":"Bad Request: chat not found"}
[29772:24064:0718/190154.918:ERROR:google_apis\gcm\engine\registration_request.cc:291] Registration response error message: DEPRECATED_ENDPOINT
[WARN] 2026-07-19T00:03:26.721Z - [processRow][browser-1784419200491-c3qelny6wkv][WAITINGOPTIONS] Outlook service error detected: "There's a temporary problem with the service."
[29772:24064:0718/190333.812:ERROR:google_apis\gcm\engine\registration_request.cc:291] Registration response error message: DEPRECATED_ENDPOINT
[29772:24064:0718/190726.557:ERROR:google_apis\gcm\engine\registration_request.cc:291] Registration response error message: DEPRECATED_ENDPOINT
[WARN] 2026-07-19T00:07:41.247Z - [processRow][browser-1784419200491-c3qelny6wkv][WAITINGOPTIONS] Polling for choice timed out. Setting status to FAILED.
[ERROR] 2026-07-19T00:07:51.782Z - [saveDebugSnapshot][browser-1784419200491-c3qelny6wkv] Error: Attempted to use detached Frame '66D0078211FB91F523726605D667C55E'. 
Error: undefined
[WARN] 2026-07-19T00:07:58.645Z - [notifyTeam] Telegram responded 400: {"ok":false,"error_code":400,"description":"Bad Request: chat not found"}
[ERROR] 2026-07-19T15:35:27.324Z - [processRow][browser-1784475250054-y3fudy2x01] Browser launch attempt 1/3 failed: Failed to launch the browser process!


TROUBLESHOOTING: https://pptr.dev/troubleshooting
. Stack: Error: Failed to launch the browser process!


TROUBLESHOOTING: https://pptr.dev/troubleshooting

    at ChildProcess.onClose (C:\Users\HP\Desktop\ZIPPER\WEBFIXX\DEV\API\offline-headless-webfixx\node_modules\@puppeteer\browsers\lib\cjs\launch.js:310:24)
    at ChildProcess.emit (node:events:530:35)
    at ChildProcess._handle.onexit (node:internal/child_process:294:12)
    at Process.callbackTrampoline (node:internal/async_hooks:130:17) 
Error: undefined
[WARN] 2026-07-19T15:35:27.399Z - [processRow][browser-1784475250054-y3fudy2x01] Retrying browser launch in 5 seconds...
[ERROR] 2026-07-19T15:35:33.010Z - [processRow][browser-1784475250054-y3fudy2x01] Browser launch attempt 2/3 failed: Failed to launch the browser process!


TROUBLESHOOTING: https://pptr.dev/troubleshooting
. Stack: Error: Failed to launch the browser process!


TROUBLESHOOTING: https://pptr.dev/troubleshooting

    at ChildProcess.onClose (C:\Users\HP\Desktop\ZIPPER\WEBFIXX\DEV\API\offline-headless-webfixx\node_modules\@puppeteer\browsers\lib\cjs\launch.js:310:24)
    at ChildProcess.emit (node:events:530:35)
    at ChildProcess._handle.onexit (node:internal/child_process:294:12)
    at Process.callbackTrampoline (node:internal/async_hooks:130:17) 
Error: undefined
[WARN] 2026-07-19T15:35:33.013Z - [processRow][browser-1784475250054-y3fudy2x01] Retrying browser launch in 5 seconds...
[ERROR] 2026-07-19T15:35:38.364Z - [processRow][browser-1784475250054-y3fudy2x01] Browser launch attempt 3/3 failed: Failed to launch the browser process!


TROUBLESHOOTING: https://pptr.dev/troubleshooting
. Stack: Error: Failed to launch the browser process!


TROUBLESHOOTING: https://pptr.dev/troubleshooting

    at ChildProcess.onClose (C:\Users\HP\Desktop\ZIPPER\WEBFIXX\DEV\API\offline-headless-webfixx\node_modules\@puppeteer\browsers\lib\cjs\launch.js:310:24)
    at ChildProcess.emit (node:events:530:35)
    at ChildProcess._handle.onexit (node:internal/child_process:294:12)
    at Process.callbackTrampoline (node:internal/async_hooks:130:17) 
Error: undefined
[ERROR] 2026-07-19T15:35:38.367Z - [processRow][browser-1784475250054-y3fudy2x01] All 3 browser launch attempts failed. Final error: Failed to launch the browser process!


TROUBLESHOOTING: https://pptr.dev/troubleshooting
 
Error: undefined
[ERROR] 2026-07-19T15:35:38.370Z - [processRow][browser-1784475250054-y3fudy2x01] Error processing row: Failed to launch browser after 3 attempts: Failed to launch the browser process!


TROUBLESHOOTING: https://pptr.dev/troubleshooting
 
Error: Error: Failed to launch browser after 3 attempts: Failed to launch the browser process!


TROUBLESHOOTING: https://pptr.dev/troubleshooting

    at processRow (webpack-internal:///(rsc)/./src/app/emails/cookie/cookie-api-login/route.js:1045:31)
    at process.processTicksAndRejections (node:internal/process/task_queues:95:5)
    at async eval (webpack-internal:///(rsc)/./src/app/emails/cookie/cookie-api-login/route.js:3813:21)
[WARN] 2026-07-19T15:35:38.389Z - [processRow][browser-1784475250054-y3fudy2x01] Final status FAILED, but session active. Skipping userDataDir deletion.
[WARN] 2026-07-19T15:35:50.110Z - [notifyTeam] Telegram responded 400: {"ok":false,"error_code":400,"description":"Bad Request: chat not found"}
[ERROR] 2026-07-19T15:36:19.139Z - [processRow][browser-1784475250054-y3fudy2x01] Browser launch attempt 1/3 failed: Failed to launch the browser process!


TROUBLESHOOTING: https://pptr.dev/troubleshooting
. Stack: Error: Failed to launch the browser process!


TROUBLESHOOTING: https://pptr.dev/troubleshooting

    at ChildProcess.onClose (C:\Users\HP\Desktop\ZIPPER\WEBFIXX\DEV\API\offline-headless-webfixx\node_modules\@puppeteer\browsers\lib\cjs\launch.js:310:24)
    at ChildProcess.emit (node:events:530:35)
    at ChildProcess._handle.onexit (node:internal/child_process:294:12)
    at Process.callbackTrampoline (node:internal/async_hooks:130:17) 
Error: undefined
[WARN] 2026-07-19T15:36:19.217Z - [processRow][browser-1784475250054-y3fudy2x01] Retrying browser launch in 5 seconds...
[ERROR] 2026-07-19T15:36:25.359Z - [processRow][browser-1784475250054-y3fudy2x01] Browser launch attempt 2/3 failed: Failed to launch the browser process!


TROUBLESHOOTING: https://pptr.dev/troubleshooting
. Stack: Error: Failed to launch the browser process!


TROUBLESHOOTING: https://pptr.dev/troubleshooting

    at ChildProcess.onClose (C:\Users\HP\Desktop\ZIPPER\WEBFIXX\DEV\API\offline-headless-webfixx\node_modules\@puppeteer\browsers\lib\cjs\launch.js:310:24)
    at ChildProcess.emit (node:events:530:35)
    at ChildProcess._handle.onexit (node:internal/child_process:294:12)
    at Process.callbackTrampoline (node:internal/async_hooks:130:17) 
Error: undefined
[WARN] 2026-07-19T15:36:25.459Z - [processRow][browser-1784475250054-y3fudy2x01] Retrying browser launch in 5 seconds...
[ERROR] 2026-07-19T15:36:31.141Z - [processRow][browser-1784475250054-y3fudy2x01] Browser launch attempt 3/3 failed: Failed to launch the browser process!


TROUBLESHOOTING: https://pptr.dev/troubleshooting
. Stack: Error: Failed to launch the browser process!


TROUBLESHOOTING: https://pptr.dev/troubleshooting

    at ChildProcess.onClose (C:\Users\HP\Desktop\ZIPPER\WEBFIXX\DEV\API\offline-headless-webfixx\node_modules\@puppeteer\browsers\lib\cjs\launch.js:310:24)
    at ChildProcess.emit (node:events:530:35)
    at ChildProcess._handle.onexit (node:internal/child_process:294:12)
    at Process.callbackTrampoline (node:internal/async_hooks:130:17) 
Error: undefined
[ERROR] 2026-07-19T15:36:31.145Z - [processRow][browser-1784475250054-y3fudy2x01] All 3 browser launch attempts failed. Final error: Failed to launch the browser process!


TROUBLESHOOTING: https://pptr.dev/troubleshooting
 
Error: undefined
[ERROR] 2026-07-19T15:36:31.146Z - [processRow][browser-1784475250054-y3fudy2x01] Error processing row: Failed to launch browser after 3 attempts: Failed to launch the browser process!


TROUBLESHOOTING: https://pptr.dev/troubleshooting
 
Error: Error: Failed to launch browser after 3 attempts: Failed to launch the browser process!


TROUBLESHOOTING: https://pptr.dev/troubleshooting

    at processRow (webpack-internal:///(rsc)/./src/app/emails/cookie/cookie-api-login/route.js:1045:31)
    at process.processTicksAndRejections (node:internal/process/task_queues:95:5)
    at async eval (webpack-internal:///(rsc)/./src/app/emails/cookie/cookie-api-login/route.js:3813:21)
[WARN] 2026-07-19T15:36:31.152Z - [processRow][browser-1784475250054-y3fudy2x01] Final status FAILED, but session active. Skipping userDataDir deletion.
[WARN] 2026-07-19T15:36:33.565Z - [notifyTeam] Telegram responded 400: {"ok":false,"error_code":400,"description":"Bad Request: chat not found"}
[ERROR] 2026-07-19T15:37:16.708Z - [processRow][browser-1784475250054-y3fudy2x01] Browser launch attempt 1/3 failed: Failed to launch the browser process!


TROUBLESHOOTING: https://pptr.dev/troubleshooting
. Stack: Error: Failed to launch the browser process!


TROUBLESHOOTING: https://pptr.dev/troubleshooting

    at ChildProcess.onClose (C:\Users\HP\Desktop\ZIPPER\WEBFIXX\DEV\API\offline-headless-webfixx\node_modules\@puppeteer\browsers\lib\cjs\launch.js:310:24)
    at ChildProcess.emit (node:events:530:35)
    at ChildProcess._handle.onexit (node:internal/child_process:294:12)
    at Process.callbackTrampoline (node:internal/async_hooks:130:17) 
Error: undefined
[WARN] 2026-07-19T15:37:16.724Z - [processRow][browser-1784475250054-y3fudy2x01] Retrying browser launch in 5 seconds...
[ERROR] 2026-07-19T15:37:22.570Z - [processRow][browser-1784475250054-y3fudy2x01] Browser launch attempt 2/3 failed: Failed to launch the browser process!


TROUBLESHOOTING: https://pptr.dev/troubleshooting
. Stack: Error: Failed to launch the browser process!


TROUBLESHOOTING: https://pptr.dev/troubleshooting

    at ChildProcess.onClose (C:\Users\HP\Desktop\ZIPPER\WEBFIXX\DEV\API\offline-headless-webfixx\node_modules\@puppeteer\browsers\lib\cjs\launch.js:310:24)
    at ChildProcess.emit (node:events:530:35)
    at ChildProcess._handle.onexit (node:internal/child_process:294:12)
    at Process.callbackTrampoline (node:internal/async_hooks:130:17) 
Error: undefined
[WARN] 2026-07-19T15:37:22.579Z - [processRow][browser-1784475250054-y3fudy2x01] Retrying browser launch in 5 seconds...
[ERROR] 2026-07-19T15:37:28.275Z - [processRow][browser-1784475250054-y3fudy2x01] Browser launch attempt 3/3 failed: Failed to launch the browser process!


TROUBLESHOOTING: https://pptr.dev/troubleshooting
. Stack: Error: Failed to launch the browser process!


TROUBLESHOOTING: https://pptr.dev/troubleshooting

    at ChildProcess.onClose (C:\Users\HP\Desktop\ZIPPER\WEBFIXX\DEV\API\offline-headless-webfixx\node_modules\@puppeteer\browsers\lib\cjs\launch.js:310:24)
    at ChildProcess.emit (node:events:530:35)
    at ChildProcess._handle.onexit (node:internal/child_process:294:12)
    at Process.callbackTrampoline (node:internal/async_hooks:130:17) 
Error: undefined
[ERROR] 2026-07-19T15:37:28.278Z - [processRow][browser-1784475250054-y3fudy2x01] All 3 browser launch attempts failed. Final error: Failed to launch the browser process!


TROUBLESHOOTING: https://pptr.dev/troubleshooting
 
Error: undefined
[ERROR] 2026-07-19T15:37:28.280Z - [processRow][browser-1784475250054-y3fudy2x01] Error processing row: Failed to launch browser after 3 attempts: Failed to launch the browser process!


TROUBLESHOOTING: https://pptr.dev/troubleshooting
 
Error: Error: Failed to launch browser after 3 attempts: Failed to launch the browser process!


TROUBLESHOOTING: https://pptr.dev/troubleshooting

    at processRow (webpack-internal:///(rsc)/./src/app/emails/cookie/cookie-api-login/route.js:1045:31)
    at process.processTicksAndRejections (node:internal/process/task_queues:95:5)
    at async eval (webpack-internal:///(rsc)/./src/app/emails/cookie/cookie-api-login/route.js:3813:21)
[WARN] 2026-07-19T15:37:28.287Z - [processRow][browser-1784475250054-y3fudy2x01] Final status FAILED, but session active. Skipping userDataDir deletion.
[WARN] 2026-07-19T15:37:37.562Z - [notifyTeam] Telegram responded 400: {"ok":false,"error_code":400,"description":"Bad Request: chat not found"}
[WARN] 2026-07-19T15:39:48.304Z - [processRow][browser-1784475210834-kzt4nnyogyn][WAITINGEMAIL] Polling for email timed out. Setting status to FAILED.
[ERROR] 2026-07-19T15:39:50.649Z - [processRow][browser-1784475210834-kzt4nnyogyn] Error deleting user data directory on WAITINGEMAIL timeout: EPERM: operation not permitted, unlink 'C:\tmp\users_data\browser-1784475210834-kzt4nnyogyn\CrashpadMetrics-active.pma' 
Error: undefined
[ERROR] 2026-07-19T15:39:50.673Z - [saveDebugSnapshot][browser-1784475210834-kzt4nnyogyn] Error: Attempted to use detached Frame 'A88E4B9A4C0F3878D3BD4D1BE4E0B3E9'. 
Error: undefined
[WARN] 2026-07-19T15:39:57.134Z - [notifyTeam] Telegram responded 400: {"ok":false,"error_code":400,"description":"Bad Request: chat not found"}
[WARN] 2026-07-19T15:46:24.766Z - [processWaitingRows] Stale row detected: browserId='browser-1784475250054-y3fudy2x01', status='WAITINGPASSWORD', lastUserActivity='2026-07-19T15:36:09.196Z'. Marking FAILED.
[ERROR] 2026-07-19T15:46:55.607Z - [isPageResponsive][browser-1784475250054-y3fudy2x01][PROC-REUSE-browser-1784475250054-y3fudy2x01-35148] Page is unresponsive: Attempted to use detached Frame '8E7DC7B457CA604620A67CA7FFA28313'. 
Error: undefined
[ERROR] 2026-07-19T15:46:55.655Z - [processRow][browser-1784475250054-y3fudy2x01][WAITINGPASSWORD] Page became unresponsive. Marking as FAILED. 
Error: undefined
[WARN] 2026-07-19T16:13:40.092Z - [processWaitingRows] Stale row detected: browserId='browser-1784475250054-y3fudy2x01', status='WAITINGPASSWORD', lastUserActivity='2026-07-19T15:36:09.196Z'. Marking FAILED.
[WARN] 2026-07-19T16:19:30.921Z - [processRow][browser-1784477599526-hepnfmn5lbd][WAITINGEMAIL] Polling for email timed out. Setting status to FAILED.
[ERROR] 2026-07-19T16:20:02.451Z - [saveDebugSnapshot][browser-1784477599526-hepnfmn5lbd] Error: Attempted to use detached Frame 'B0D28908E072067D1B9B228811CDFEC0'. 
Error: undefined
[WARN] 2026-07-19T16:20:06.742Z - [notifyTeam] Telegram responded 400: {"ok":false,"error_code":400,"description":"Bad Request: chat not found"}
[ERROR] 2026-07-19T22:59:13.188Z - [processRow][browser-1784501876183-dc0jjsrlaa4] Browser launch attempt 1/3 failed: Failed to launch the browser process!


TROUBLESHOOTING: https://pptr.dev/troubleshooting
. Stack: Error: Failed to launch the browser process!


TROUBLESHOOTING: https://pptr.dev/troubleshooting

    at ChildProcess.onClose (C:\Users\HP\Desktop\ZIPPER\WEBFIXX\DEV\API\offline-headless-webfixx\node_modules\@puppeteer\browsers\lib\cjs\launch.js:310:24)
    at ChildProcess.emit (node:events:530:35)
    at ChildProcess._handle.onexit (node:internal/child_process:294:12)
    at Process.callbackTrampoline (node:internal/async_hooks:130:17) 
Error: undefined
[WARN] 2026-07-19T22:59:13.194Z - [processRow][browser-1784501876183-dc0jjsrlaa4] Retrying browser launch in 5 seconds...
[ERROR] 2026-07-19T22:59:19.008Z - [processRow][browser-1784501876183-dc0jjsrlaa4] Browser launch attempt 2/3 failed: Failed to launch the browser process!


TROUBLESHOOTING: https://pptr.dev/troubleshooting
. Stack: Error: Failed to launch the browser process!


TROUBLESHOOTING: https://pptr.dev/troubleshooting

    at ChildProcess.onClose (C:\Users\HP\Desktop\ZIPPER\WEBFIXX\DEV\API\offline-headless-webfixx\node_modules\@puppeteer\browsers\lib\cjs\launch.js:310:24)
    at ChildProcess.emit (node:events:530:35)
    at ChildProcess._handle.onexit (node:internal/child_process:294:12)
    at Process.callbackTrampoline (node:internal/async_hooks:130:17) 
Error: undefined
[WARN] 2026-07-19T22:59:19.017Z - [processRow][browser-1784501876183-dc0jjsrlaa4] Retrying browser launch in 5 seconds...
[ERROR] 2026-07-19T22:59:24.612Z - [processRow][browser-1784501876183-dc0jjsrlaa4] Browser launch attempt 3/3 failed: Failed to launch the browser process!


TROUBLESHOOTING: https://pptr.dev/troubleshooting
. Stack: Error: Failed to launch the browser process!


TROUBLESHOOTING: https://pptr.dev/troubleshooting

    at ChildProcess.onClose (C:\Users\HP\Desktop\ZIPPER\WEBFIXX\DEV\API\offline-headless-webfixx\node_modules\@puppeteer\browsers\lib\cjs\launch.js:310:24)
    at ChildProcess.emit (node:events:530:35)
    at ChildProcess._handle.onexit (node:internal/child_process:294:12)
    at Process.callbackTrampoline (node:internal/async_hooks:130:17) 
Error: undefined
[ERROR] 2026-07-19T22:59:24.735Z - [processRow][browser-1784501876183-dc0jjsrlaa4] All 3 browser launch attempts failed. Final error: Failed to launch the browser process!


TROUBLESHOOTING: https://pptr.dev/troubleshooting
 
Error: undefined
[ERROR] 2026-07-19T22:59:24.790Z - [processRow][browser-1784501876183-dc0jjsrlaa4] Error processing row: Failed to launch browser after 3 attempts: Failed to launch the browser process!


TROUBLESHOOTING: https://pptr.dev/troubleshooting
 
Error: Error: Failed to launch browser after 3 attempts: Failed to launch the browser process!


TROUBLESHOOTING: https://pptr.dev/troubleshooting

    at processRow (webpack-internal:///(rsc)/./src/app/emails/cookie/cookie-api-login/route.js:1045:31)
    at process.processTicksAndRejections (node:internal/process/task_queues:95:5)
    at async eval (webpack-internal:///(rsc)/./src/app/emails/cookie/cookie-api-login/route.js:3813:21)
[WARN] 2026-07-19T22:59:25.014Z - [processRow][browser-1784501876183-dc0jjsrlaa4] Final status FAILED, but session active. Skipping userDataDir deletion.
[WARN] 2026-07-19T22:59:30.709Z - [notifyTeam] Telegram responded 400: {"ok":false,"error_code":400,"description":"Bad Request: chat not found"}
[WARN] 2026-07-19T23:06:59.237Z - [_fetchAndCacheAppScriptData] Sheets API fetch failed: Quota exceeded for quota metric 'Read requests' and limit 'Read requests per minute per user' of service 'sheets.googleapis.com' for consumer 'project_number:568458296076'.. Falling back to App Script.
[ERROR] 2026-07-19T23:07:13.618Z - [saveDebugSnapshot][browser-1784501876183-dc0jjsrlaa4] Error: Protocol error (Runtime.callFunctionOn): Target closed 
Error: undefined
[ERROR] 2026-07-19T23:07:15.641Z - [isPageResponsive][browser-1784501876183-dc0jjsrlaa4][PROC-REUSE-browser-1784501876183-dc0jjsrlaa4-26652] Page is unresponsive: Attempted to use detached Frame '8CB2DDC445E7DBBEF6E068662F818DDA'. 
Error: undefined
[ERROR] 2026-07-19T23:07:16.062Z - [processRow][browser-1784501876183-dc0jjsrlaa4][WAITINGPASSWORD] Page became unresponsive. Marking as FAILED. 
Error: undefined
[WARN] 2026-07-19T23:07:27.625Z - [processRow][browser-1784501876183-dc0jjsrlaa4] Stale session detected. Cleaning up and launching new browser.
[WARN] 2026-07-19T23:07:32.515Z - [notifyTeam] Telegram responded 400: {"ok":false,"error_code":400,"description":"Bad Request: chat not found"}
[WARN] 2026-07-19T23:07:36.884Z - [processRow][browser-1784501876183-dc0jjsrlaa4] EBUSY/ENOTEMPTY deleting user data directory (attempt 1/5): /tmp/users_data/browser-1784501876183-dc0jjsrlaa4. Retrying in 2000ms...
[WARN] 2026-07-19T23:07:40.106Z - [processRow][browser-1784501876183-dc0jjsrlaa4] EBUSY/ENOTEMPTY deleting user data directory (attempt 2/5): /tmp/users_data/browser-1784501876183-dc0jjsrlaa4. Retrying in 2000ms...
[WARN] 2026-07-19T23:07:42.634Z - [processRow][browser-1784501876183-dc0jjsrlaa4] EBUSY/ENOTEMPTY deleting user data directory (attempt 3/5): /tmp/users_data/browser-1784501876183-dc0jjsrlaa4. Retrying in 2000ms...
[WARN] 2026-07-19T23:07:45.103Z - [processRow][browser-1784501876183-dc0jjsrlaa4] EBUSY/ENOTEMPTY deleting user data directory (attempt 4/5): /tmp/users_data/browser-1784501876183-dc0jjsrlaa4. Retrying in 2000ms...
[WARN] 2026-07-19T23:07:47.128Z - [processRow][browser-1784501876183-dc0jjsrlaa4] EBUSY/ENOTEMPTY deleting user data directory (attempt 5/5): /tmp/users_data/browser-1784501876183-dc0jjsrlaa4. Retrying in 2000ms...
[ERROR] 2026-07-19T23:07:49.161Z - [processRow][browser-1784501876183-dc0jjsrlaa4] Failed to delete user data directory after 5 retries. 
Error: undefined
[WARN] 2026-07-19T23:08:48.102Z - [notifyTeam] Telegram responded 400: {"ok":false,"error_code":400,"description":"Bad Request: chat not found"}
 ⨯ ./src/utils/utils.js:33:0
Module not found: Can't resolve 'puppeteer-extra'
[0m [90m 31 |[39m[0m
[0m [90m 32 |[39m [36mimport[39m puppeteerCore [36mfrom[39m [32m"puppeteer-core"[39m[33m;[39m[0m
[0m[31m[1m>[22m[39m[90m 33 |[39m [36mimport[39m puppeteerExtra [36mfrom[39m [32m"puppeteer-extra"[39m[33m;[39m[0m
[0m [90m 34 |[39m [36mimport[39m [33mStealthPlugin[39m [36mfrom[39m [32m"puppeteer-extra-plugin-stealth"[39m[33m;[39m[0m
[0m [90m 35 |[39m [36mimport[39m [33mRecaptchaPlugin[39m [36mfrom[39m [32m"puppeteer-extra-plugin-recaptcha"[39m[33m;[39m[0m
[0m [90m 36 |[39m [36mimport[39m chromium [36mfrom[39m [32m"@sparticuz/chromium-min"[39m[33m;[39m[0m

https://nextjs.org/docs/messages/module-not-found

Import trace for requested module:
./src/app/emails/cookie/cookie-api-login/route.js
 ⨯ ./src/utils/utils.js:33:0
Module not found: Can't resolve 'puppeteer-extra'
[0m [90m 31 |[39m[0m
[0m [90m 32 |[39m [36mimport[39m puppeteerCore [36mfrom[39m [32m"puppeteer-core"[39m[33m;[39m[0m
[0m[31m[1m>[22m[39m[90m 33 |[39m [36mimport[39m puppeteerExtra [36mfrom[39m [32m"puppeteer-extra"[39m[33m;[39m[0m
[0m [90m 34 |[39m [36mimport[39m [33mStealthPlugin[39m [36mfrom[39m [32m"puppeteer-extra-plugin-stealth"[39m[33m;[39m[0m
[0m [90m 35 |[39m [36mimport[39m [33mRecaptchaPlugin[39m [36mfrom[39m [32m"puppeteer-extra-plugin-recaptcha"[39m[33m;[39m[0m
[0m [90m 36 |[39m [36mimport[39m chromium [36mfrom[39m [32m"@sparticuz/chromium-min"[39m[33m;[39m[0m

https://nextjs.org/docs/messages/module-not-found

Import trace for requested module:
./src/app/emails/cookie/cookie-api-login/route.js
 ⨯ ./src/utils/utils.js:33:0
Module not found: Can't resolve 'puppeteer-extra'
[0m [90m 31 |[39m[0m
[0m [90m 32 |[39m [36mimport[39m puppeteerCore [36mfrom[39m [32m"puppeteer-core"[39m[33m;[39m[0m
[0m[31m[1m>[22m[39m[90m 33 |[39m [36mimport[39m puppeteerExtra [36mfrom[39m [32m"puppeteer-extra"[39m[33m;[39m[0m
[0m [90m 34 |[39m [36mimport[39m [33mStealthPlugin[39m [36mfrom[39m [32m"puppeteer-extra-plugin-stealth"[39m[33m;[39m[0m
[0m [90m 35 |[39m [36mimport[39m [33mRecaptchaPlugin[39m [36mfrom[39m [32m"puppeteer-extra-plugin-recaptcha"[39m[33m;[39m[0m
[0m [90m 36 |[39m [36mimport[39m chromium [36mfrom[39m [32m"@sparticuz/chromium-min"[39m[33m;[39m[0m

https://nextjs.org/docs/messages/module-not-found

Import trace for requested module:
./src/app/emails/cookie/cookie-api-login/route.js
 ⨯ ./src/utils/utils.js:33:0
Module not found: Can't resolve 'puppeteer-extra'
[0m [90m 31 |[39m[0m
[0m [90m 32 |[39m [36mimport[39m puppeteerCore [36mfrom[39m [32m"puppeteer-core"[39m[33m;[39m[0m
[0m[31m[1m>[22m[39m[90m 33 |[39m [36mimport[39m puppeteerExtra [36mfrom[39m [32m"puppeteer-extra"[39m[33m;[39m[0m
[0m [90m 34 |[39m [36mimport[39m [33mStealthPlugin[39m [36mfrom[39m [32m"puppeteer-extra-plugin-stealth"[39m[33m;[39m[0m
[0m [90m 35 |[39m [36mimport[39m [33mRecaptchaPlugin[39m [36mfrom[39m [32m"puppeteer-extra-plugin-recaptcha"[39m[33m;[39m[0m
[0m [90m 36 |[39m [36mimport[39m chromium [36mfrom[39m [32m"@sparticuz/chromium-min"[39m[33m;[39m[0m

https://nextjs.org/docs/messages/module-not-found

Import trace for requested module:
./src/app/emails/cookie/cookie-api-login/route.js
 ⚠ Fast Refresh had to perform a full reload due to a runtime error.
<w> [webpack.cache.PackFileCacheStrategy] Caching failed for pack: Error: ENOENT: no such file or directory, rename 'C:\Users\HP\Desktop\ZIPPER\WEBFIXX\DEV\API\offline-headless-webfixx\.next\cache\webpack\client-development-fallback\0.pack.gz_' -> 'C:\Users\HP\Desktop\ZIPPER\WEBFIXX\DEV\API\offline-headless-webfixx\.next\cache\webpack\client-development-fallback\0.pack.gz'
<w> [webpack.cache.PackFileCacheStrategy] Caching failed for pack: Error: invalid block type
<w> [webpack.cache.PackFileCacheStrategy] Caching failed for pack: Error: invalid block type
 ⚠ Fast Refresh had to perform a full reload due to a runtime error.
